2013-12-06 14:24:18.561 [info] <0.7.0> Application lager started on node 'myfirstserver@bernhard-Satellite-L40'
2013-12-06 14:24:18.662 [info] <0.7.0> Application crypto started on node 'myfirstserver@bernhard-Satellite-L40'
2013-12-06 14:24:18.751 [info] <0.7.0> Application mimetypes started on node 'myfirstserver@bernhard-Satellite-L40'
2013-12-06 14:24:18.891 [info] <0.82.0> Starting Boss in development mode....

2013-12-06 14:24:19.086 [info] <0.82.0> Starting master services on 'myfirstserver@bernhard-Satellite-L40'

2013-12-06 14:24:19.222 [info] <0.7.0> Application tinymq started on node 'myfirstserver@bernhard-Satellite-L40'
2013-12-06 14:24:19.300 [info] <0.82.0> SSL:[]

2013-12-06 14:24:19.306 [info] <0.82.0> Starting cowboy... on 'myfirstserver@bernhard-Satellite-L40'

2013-12-06 14:24:19.319 [info] <0.7.0> Application ranch started on node 'myfirstserver@bernhard-Satellite-L40'
2013-12-06 14:24:19.358 [info] <0.7.0> Application cowboy started on node 'myfirstserver@bernhard-Satellite-L40'
2013-12-06 14:24:19.359 [info] <0.82.0> Starting http listener... on 8001 

2013-12-06 14:24:19.420 [info] <0.7.0> Application boss started on node 'myfirstserver@bernhard-Satellite-L40'
2013-12-06 14:24:19.466 [info] <0.349.0> Loading routes from "/home/bernhard/Erlang/Server/ChicagoBoss/myfirstserver/priv/myfirstserver.routes" ....
2013-12-06 14:24:46.294 [info] <0.349.0> Loading routes from "/home/bernhard/Erlang/Server/ChicagoBoss/myfirstserver/priv/myfirstserver.routes" ....
2013-12-06 14:24:46.318 [error] <0.359.0> GET / [myfirstserver] 404 24ms
2013-12-06 14:29:43.137 [info] <0.349.0> Loading routes from "/home/bernhard/Erlang/Server/ChicagoBoss/myfirstserver/priv/myfirstserver.routes" ....
2013-12-06 14:29:43.139 [error] <0.362.0> GET / [myfirstserver] 404 1ms
2013-12-06 14:29:45.146 [info] <0.349.0> Loading routes from "/home/bernhard/Erlang/Server/ChicagoBoss/myfirstserver/priv/myfirstserver.routes" ....
2013-12-06 14:29:45.148 [error] <0.362.0> GET / [myfirstserver] 404 1ms
2013-12-06 14:39:51.560 [info] <0.7.0> Application lager started on node 'myfirstserver@bernhard-Satellite-L40'
2013-12-06 14:39:51.691 [info] <0.7.0> Application crypto started on node 'myfirstserver@bernhard-Satellite-L40'
2013-12-06 14:39:51.750 [info] <0.7.0> Application mimetypes started on node 'myfirstserver@bernhard-Satellite-L40'
2013-12-06 14:39:52.005 [info] <0.82.0> Starting Boss in development mode....

2013-12-06 14:39:52.270 [info] <0.82.0> Starting master services on 'myfirstserver@bernhard-Satellite-L40'

2013-12-06 14:39:52.350 [info] <0.7.0> Application tinymq started on node 'myfirstserver@bernhard-Satellite-L40'
2013-12-06 14:39:52.471 [info] <0.82.0> SSL:[]

2013-12-06 14:39:52.492 [info] <0.82.0> Starting cowboy... on 'myfirstserver@bernhard-Satellite-L40'

2013-12-06 14:39:52.531 [info] <0.7.0> Application ranch started on node 'myfirstserver@bernhard-Satellite-L40'
2013-12-06 14:39:52.593 [info] <0.7.0> Application cowboy started on node 'myfirstserver@bernhard-Satellite-L40'
2013-12-06 14:39:52.593 [info] <0.82.0> Starting http listener... on 8001 

2013-12-06 14:39:52.722 [info] <0.7.0> Application boss started on node 'myfirstserver@bernhard-Satellite-L40'
2013-12-06 14:39:52.903 [info] <0.349.0> Loading routes from "/home/bernhard/Erlang/Server/ChicagoBoss/myfirstserver/priv/myfirstserver.routes" ....
2013-12-06 14:39:55.754 [info] <0.349.0> Loading routes from "/home/bernhard/Erlang/Server/ChicagoBoss/myfirstserver/priv/myfirstserver.routes" ....
2013-12-06 14:39:55.759 [error] <0.360.0> GET / [myfirstserver] 404 4ms
2013-12-06 14:53:59.157 [info] <0.349.0> Loading routes from "/home/bernhard/Erlang/Server/ChicagoBoss/myfirstserver/priv/myfirstserver.routes" ....
2013-12-06 14:53:59.158 [error] <0.349.0> Missing or invalid boss.routes file in "/home/bernhard/Erlang/Server/ChicagoBoss/myfirstserver/priv/myfirstserver.routes"
{error,{4,erl_parse,["syntax error before: ","'.'"]}}

2013-12-06 14:53:59.283 [error] <0.363.0> GET / [myfirstserver] 404 59ms
2013-12-06 14:54:21.921 [info] <0.7.0> Application lager started on node 'myfirstserver@bernhard-Satellite-L40'
2013-12-06 14:54:22.023 [info] <0.7.0> Application crypto started on node 'myfirstserver@bernhard-Satellite-L40'
2013-12-06 14:54:22.073 [info] <0.7.0> Application mimetypes started on node 'myfirstserver@bernhard-Satellite-L40'
2013-12-06 14:54:22.173 [info] <0.82.0> Starting Boss in development mode....

2013-12-06 14:54:22.319 [info] <0.82.0> Starting master services on 'myfirstserver@bernhard-Satellite-L40'

2013-12-06 14:54:22.362 [info] <0.7.0> Application tinymq started on node 'myfirstserver@bernhard-Satellite-L40'
2013-12-06 14:54:22.427 [info] <0.82.0> SSL:[]

2013-12-06 14:54:22.436 [info] <0.82.0> Starting cowboy... on 'myfirstserver@bernhard-Satellite-L40'

2013-12-06 14:54:22.459 [info] <0.7.0> Application ranch started on node 'myfirstserver@bernhard-Satellite-L40'
2013-12-06 14:54:22.492 [info] <0.7.0> Application cowboy started on node 'myfirstserver@bernhard-Satellite-L40'
2013-12-06 14:54:22.492 [info] <0.82.0> Starting http listener... on 8001 

2013-12-06 14:54:22.587 [info] <0.7.0> Application boss started on node 'myfirstserver@bernhard-Satellite-L40'
2013-12-06 14:54:22.644 [info] <0.349.0> Loading routes from "/home/bernhard/Erlang/Server/ChicagoBoss/myfirstserver/priv/myfirstserver.routes" ....
2013-12-06 14:54:22.645 [error] <0.349.0> Missing or invalid boss.routes file in "/home/bernhard/Erlang/Server/ChicagoBoss/myfirstserver/priv/myfirstserver.routes"
{error,{4,erl_parse,["syntax error before: ","'.'"]}}

2013-12-06 14:54:28.427 [info] <0.349.0> Loading routes from "/home/bernhard/Erlang/Server/ChicagoBoss/myfirstserver/priv/myfirstserver.routes" ....
2013-12-06 14:54:28.428 [error] <0.349.0> Missing or invalid boss.routes file in "/home/bernhard/Erlang/Server/ChicagoBoss/myfirstserver/priv/myfirstserver.routes"
{error,{4,erl_parse,["syntax error before: ","'.'"]}}

2013-12-06 14:54:28.535 [error] <0.360.0> GET / [myfirstserver] 404 57ms
2013-12-06 14:54:30.106 [info] <0.349.0> Loading routes from "/home/bernhard/Erlang/Server/ChicagoBoss/myfirstserver/priv/myfirstserver.routes" ....
2013-12-06 14:54:30.107 [error] <0.349.0> Missing or invalid boss.routes file in "/home/bernhard/Erlang/Server/ChicagoBoss/myfirstserver/priv/myfirstserver.routes"
{error,{4,erl_parse,["syntax error before: ","'.'"]}}

2013-12-06 14:54:30.239 [error] <0.360.0> GET / [myfirstserver] 404 75ms
2013-12-06 14:54:32.290 [info] <0.349.0> Loading routes from "/home/bernhard/Erlang/Server/ChicagoBoss/myfirstserver/priv/myfirstserver.routes" ....
2013-12-06 14:54:32.291 [error] <0.349.0> Missing or invalid boss.routes file in "/home/bernhard/Erlang/Server/ChicagoBoss/myfirstserver/priv/myfirstserver.routes"
{error,{4,erl_parse,["syntax error before: ","'.'"]}}

2013-12-06 14:54:32.428 [error] <0.360.0> GET / [myfirstserver] 404 81ms
2013-12-06 14:58:22.392 [error] <0.97.0> Supervisor poolboy_sup had child boss_session_controller started with boss_session_controller:start_link([{name,{local,boss_session_pool}},{worker_module,boss_session_controller},{size,20},{max_overflow,...},...]) at undefined exit with reason shutdown in context shutdown_error
2013-12-06 15:02:28.797 [info] <0.7.0> Application lager started on node 'myfirstserver@bernhard-Satellite-L40'
2013-12-06 15:02:28.928 [info] <0.7.0> Application crypto started on node 'myfirstserver@bernhard-Satellite-L40'
2013-12-06 15:02:28.970 [info] <0.7.0> Application mimetypes started on node 'myfirstserver@bernhard-Satellite-L40'
2013-12-06 15:02:29.095 [info] <0.82.0> Starting Boss in development mode....

2013-12-06 15:02:29.240 [info] <0.82.0> Starting master services on 'myfirstserver@bernhard-Satellite-L40'

2013-12-06 15:02:29.289 [info] <0.7.0> Application tinymq started on node 'myfirstserver@bernhard-Satellite-L40'
2013-12-06 15:02:29.375 [info] <0.82.0> SSL:[]

2013-12-06 15:02:29.388 [info] <0.82.0> Starting cowboy... on 'myfirstserver@bernhard-Satellite-L40'

2013-12-06 15:02:29.403 [info] <0.7.0> Application ranch started on node 'myfirstserver@bernhard-Satellite-L40'
2013-12-06 15:02:29.446 [info] <0.7.0> Application cowboy started on node 'myfirstserver@bernhard-Satellite-L40'
2013-12-06 15:02:29.454 [info] <0.82.0> Starting http listener... on 8001 

2013-12-06 15:02:29.537 [info] <0.7.0> Application boss started on node 'myfirstserver@bernhard-Satellite-L40'
2013-12-06 15:02:29.616 [info] <0.349.0> Loading routes from "/home/bernhard/Erlang/Server/ChicagoBoss/myfirstserver/priv/myfirstserver.routes" ....
2013-12-06 15:02:32.853 [info] <0.349.0> Loading routes from "/home/bernhard/Erlang/Server/ChicagoBoss/myfirstserver/priv/myfirstserver.routes" ....
2013-12-06 15:02:32.998 [info] <0.360.0> GET /greeting/hello [myfirstserver] 200 145ms
2013-12-06 15:05:20.247 [info] <0.349.0> Loading routes from "/home/bernhard/Erlang/Server/ChicagoBoss/myfirstserver/priv/myfirstserver.routes" ....
2013-12-06 15:05:20.416 [info] <0.368.0> GET /greeting/hello [myfirstserver] 200 165ms
2013-12-06 15:22:03.951 [info] <0.349.0> Loading routes from "/home/bernhard/Erlang/Server/ChicagoBoss/myfirstserver/priv/myfirstserver.routes" ....
2013-12-06 15:22:04.174 [error] <0.376.0> GET /greeting/hello [myfirstserver] 404 217ms
2013-12-06 15:22:24.650 [info] <0.349.0> Loading routes from "/home/bernhard/Erlang/Server/ChicagoBoss/myfirstserver/priv/myfirstserver.routes" ....
2013-12-06 15:22:24.948 [info] <0.390.0> GET /greeting/hello [myfirstserver] 200 298ms
2013-12-06 15:23:25.651 [info] <0.349.0> Loading routes from "/home/bernhard/Erlang/Server/ChicagoBoss/myfirstserver/priv/myfirstserver.routes" ....
2013-12-06 15:23:25.824 [error] <0.401.0> GET /greeting/hello [myfirstserver] 404 172ms
2013-12-06 15:24:08.304 [info] <0.349.0> Loading routes from "/home/bernhard/Erlang/Server/ChicagoBoss/myfirstserver/priv/myfirstserver.routes" ....
2013-12-06 15:24:08.428 [info] <0.415.0> GET /greeting/hello [myfirstserver] 200 123ms
2013-12-06 15:32:32.258 [info] <0.349.0> Loading routes from "/home/bernhard/Erlang/Server/ChicagoBoss/myfirstserver/priv/myfirstserver.routes" ....
2013-12-06 15:32:32.375 [info] <0.425.0> GET /greeting/hello [myfirstserver] 200 116ms
2013-12-06 15:34:07.411 [info] <0.349.0> Loading routes from "/home/bernhard/Erlang/Server/ChicagoBoss/myfirstserver/priv/myfirstserver.routes" ....
2013-12-06 15:34:07.472 [info] <0.432.0> GET /greeting/hello [myfirstserver] 200 60ms
2013-12-06 15:34:18.054 [info] <0.349.0> Loading routes from "/home/bernhard/Erlang/Server/ChicagoBoss/myfirstserver/priv/myfirstserver.routes" ....
2013-12-06 15:34:18.160 [info] <0.439.0> GET /greeting/hello [myfirstserver] 200 102ms
2013-12-06 15:35:11.714 [info] <0.349.0> Loading routes from "/home/bernhard/Erlang/Server/ChicagoBoss/myfirstserver/priv/myfirstserver.routes" ....
2013-12-06 15:35:11.715 [error] <0.349.0> Missing or invalid boss.routes file in "/home/bernhard/Erlang/Server/ChicagoBoss/myfirstserver/priv/myfirstserver.routes"
{error,{5,erl_parse,["syntax error before: ","'.'"]}}

2013-12-06 15:35:11.825 [error] <0.449.0> GET / [myfirstserver] 404 55ms
2013-12-06 15:35:30.172 [info] <0.349.0> Loading routes from "/home/bernhard/Erlang/Server/ChicagoBoss/myfirstserver/priv/myfirstserver.routes" ....
2013-12-06 15:35:30.173 [error] <0.349.0> Missing or invalid boss.routes file in "/home/bernhard/Erlang/Server/ChicagoBoss/myfirstserver/priv/myfirstserver.routes"
{error,{5,erl_parse,["syntax error before: ","'.'"]}}

2013-12-06 15:35:30.323 [error] <0.452.0> GET / [myfirstserver] 404 81ms
2013-12-06 15:38:29.683 [info] <0.349.0> Loading routes from "/home/bernhard/Erlang/Server/ChicagoBoss/myfirstserver/priv/myfirstserver.routes" ....
2013-12-06 15:38:29.684 [error] <0.349.0> Missing or invalid boss.routes file in "/home/bernhard/Erlang/Server/ChicagoBoss/myfirstserver/priv/myfirstserver.routes"
{error,{5,erl_parse,["syntax error before: ","'.'"]}}

2013-12-06 15:38:29.831 [error] <0.455.0> GET /test [myfirstserver] 404 148ms
2013-12-06 15:38:53.763 [error] <0.97.0> Supervisor poolboy_sup had child boss_session_controller started with boss_session_controller:start_link([{name,{local,boss_session_pool}},{worker_module,boss_session_controller},{size,20},{max_overflow,...},...]) at undefined exit with reason shutdown in context shutdown_error
2013-12-06 15:39:07.815 [info] <0.7.0> Application lager started on node 'myfirstserver@bernhard-Satellite-L40'
2013-12-06 15:39:07.990 [info] <0.7.0> Application crypto started on node 'myfirstserver@bernhard-Satellite-L40'
2013-12-06 15:39:08.064 [info] <0.7.0> Application mimetypes started on node 'myfirstserver@bernhard-Satellite-L40'
2013-12-06 15:39:08.288 [info] <0.82.0> Starting Boss in development mode....

2013-12-06 15:39:08.601 [info] <0.82.0> Starting master services on 'myfirstserver@bernhard-Satellite-L40'

2013-12-06 15:39:08.678 [info] <0.7.0> Application tinymq started on node 'myfirstserver@bernhard-Satellite-L40'
2013-12-06 15:39:08.796 [info] <0.82.0> SSL:[]

2013-12-06 15:39:08.809 [info] <0.82.0> Starting cowboy... on 'myfirstserver@bernhard-Satellite-L40'

2013-12-06 15:39:08.838 [info] <0.7.0> Application ranch started on node 'myfirstserver@bernhard-Satellite-L40'
2013-12-06 15:39:08.888 [info] <0.7.0> Application cowboy started on node 'myfirstserver@bernhard-Satellite-L40'
2013-12-06 15:39:08.893 [info] <0.82.0> Starting http listener... on 8001 

2013-12-06 15:39:08.993 [info] <0.7.0> Application boss started on node 'myfirstserver@bernhard-Satellite-L40'
2013-12-06 15:39:09.069 [info] <0.349.0> Loading routes from "/home/bernhard/Erlang/Server/ChicagoBoss/myfirstserver/priv/myfirstserver.routes" ....
2013-12-06 15:39:09.070 [error] <0.349.0> Missing or invalid boss.routes file in "/home/bernhard/Erlang/Server/ChicagoBoss/myfirstserver/priv/myfirstserver.routes"
{error,{5,erl_parse,["syntax error before: ","'.'"]}}

2013-12-06 15:39:11.473 [info] <0.349.0> Loading routes from "/home/bernhard/Erlang/Server/ChicagoBoss/myfirstserver/priv/myfirstserver.routes" ....
2013-12-06 15:39:11.474 [error] <0.349.0> Missing or invalid boss.routes file in "/home/bernhard/Erlang/Server/ChicagoBoss/myfirstserver/priv/myfirstserver.routes"
{error,{5,erl_parse,["syntax error before: ","'.'"]}}

2013-12-06 15:39:11.609 [error] <0.361.0> GET /test [myfirstserver] 404 136ms
2013-12-06 15:39:14.423 [info] <0.349.0> Loading routes from "/home/bernhard/Erlang/Server/ChicagoBoss/myfirstserver/priv/myfirstserver.routes" ....
2013-12-06 15:39:14.424 [error] <0.349.0> Missing or invalid boss.routes file in "/home/bernhard/Erlang/Server/ChicagoBoss/myfirstserver/priv/myfirstserver.routes"
{error,{5,erl_parse,["syntax error before: ","'.'"]}}

2013-12-06 15:39:14.524 [error] <0.361.0> GET /test [myfirstserver] 404 45ms
2013-12-06 15:39:32.238 [info] <0.349.0> Loading routes from "/home/bernhard/Erlang/Server/ChicagoBoss/myfirstserver/priv/myfirstserver.routes" ....
2013-12-06 15:39:32.239 [error] <0.349.0> Missing or invalid boss.routes file in "/home/bernhard/Erlang/Server/ChicagoBoss/myfirstserver/priv/myfirstserver.routes"
{error,{5,erl_parse,["syntax error before: ","'.'"]}}

2013-12-06 15:39:32.322 [error] <0.365.0> GET /test [myfirstserver] 404 39ms
2013-12-06 15:39:33.781 [info] <0.349.0> Loading routes from "/home/bernhard/Erlang/Server/ChicagoBoss/myfirstserver/priv/myfirstserver.routes" ....
2013-12-06 15:39:33.782 [error] <0.349.0> Missing or invalid boss.routes file in "/home/bernhard/Erlang/Server/ChicagoBoss/myfirstserver/priv/myfirstserver.routes"
{error,{5,erl_parse,["syntax error before: ","'.'"]}}

2013-12-06 15:39:33.869 [error] <0.365.0> GET /test [myfirstserver] 404 43ms
2013-12-06 15:39:38.373 [error] <0.97.0> Supervisor poolboy_sup had child boss_session_controller started with boss_session_controller:start_link([{name,{local,boss_session_pool}},{worker_module,boss_session_controller},{size,20},{max_overflow,...},...]) at undefined exit with reason shutdown in context shutdown_error
2013-12-06 15:39:49.169 [info] <0.7.0> Application lager started on node 'myfirstserver@bernhard-Satellite-L40'
2013-12-06 15:39:49.340 [info] <0.7.0> Application crypto started on node 'myfirstserver@bernhard-Satellite-L40'
2013-12-06 15:39:49.399 [info] <0.7.0> Application mimetypes started on node 'myfirstserver@bernhard-Satellite-L40'
2013-12-06 15:39:49.536 [info] <0.82.0> Starting Boss in development mode....

2013-12-06 15:39:49.745 [info] <0.82.0> Starting master services on 'myfirstserver@bernhard-Satellite-L40'

2013-12-06 15:39:49.803 [info] <0.7.0> Application tinymq started on node 'myfirstserver@bernhard-Satellite-L40'
2013-12-06 15:39:49.952 [info] <0.82.0> SSL:[]

2013-12-06 15:39:49.960 [info] <0.82.0> Starting cowboy... on 'myfirstserver@bernhard-Satellite-L40'

2013-12-06 15:39:49.982 [info] <0.7.0> Application ranch started on node 'myfirstserver@bernhard-Satellite-L40'
2013-12-06 15:39:50.023 [info] <0.7.0> Application cowboy started on node 'myfirstserver@bernhard-Satellite-L40'
2013-12-06 15:39:50.029 [info] <0.82.0> Starting http listener... on 8001 

2013-12-06 15:39:50.162 [info] <0.7.0> Application boss started on node 'myfirstserver@bernhard-Satellite-L40'
2013-12-06 15:39:50.246 [info] <0.349.0> Loading routes from "/home/bernhard/Erlang/Server/ChicagoBoss/myfirstserver/priv/myfirstserver.routes" ....
2013-12-06 15:39:50.247 [error] <0.349.0> Missing or invalid boss.routes file in "/home/bernhard/Erlang/Server/ChicagoBoss/myfirstserver/priv/myfirstserver.routes"
{error,{5,erl_parse,["syntax error before: ","'.'"]}}

2013-12-06 15:40:13.011 [error] <0.97.0> Supervisor poolboy_sup had child boss_session_controller started with boss_session_controller:start_link([{name,{local,boss_session_pool}},{worker_module,boss_session_controller},{size,20},{max_overflow,...},...]) at undefined exit with reason shutdown in context shutdown_error
2013-12-06 15:40:26.864 [info] <0.7.0> Application lager started on node 'myfirstserver@bernhard-Satellite-L40'
2013-12-06 15:40:26.982 [info] <0.7.0> Application crypto started on node 'myfirstserver@bernhard-Satellite-L40'
2013-12-06 15:40:27.023 [info] <0.7.0> Application mimetypes started on node 'myfirstserver@bernhard-Satellite-L40'
2013-12-06 15:40:27.135 [info] <0.82.0> Starting Boss in development mode....

2013-12-06 15:40:27.279 [info] <0.82.0> Starting master services on 'myfirstserver@bernhard-Satellite-L40'

2013-12-06 15:40:27.323 [info] <0.7.0> Application tinymq started on node 'myfirstserver@bernhard-Satellite-L40'
2013-12-06 15:40:27.376 [info] <0.82.0> SSL:[]

2013-12-06 15:40:27.385 [info] <0.82.0> Starting cowboy... on 'myfirstserver@bernhard-Satellite-L40'

2013-12-06 15:40:27.404 [info] <0.7.0> Application ranch started on node 'myfirstserver@bernhard-Satellite-L40'
2013-12-06 15:40:27.433 [info] <0.7.0> Application cowboy started on node 'myfirstserver@bernhard-Satellite-L40'
2013-12-06 15:40:27.433 [info] <0.82.0> Starting http listener... on 8001 

2013-12-06 15:40:27.509 [info] <0.7.0> Application boss started on node 'myfirstserver@bernhard-Satellite-L40'
2013-12-06 15:40:27.573 [info] <0.349.0> Loading routes from "/home/bernhard/Erlang/Server/ChicagoBoss/myfirstserver/priv/myfirstserver.routes" ....
2013-12-06 15:40:34.707 [info] <0.349.0> Loading routes from "/home/bernhard/Erlang/Server/ChicagoBoss/myfirstserver/priv/myfirstserver.routes" ....
2013-12-06 15:40:34.735 [error] <0.349.0> gen_server <0.349.0> terminated with reason: bad argument in call to erlang:list_to_atom(undefined) in boss_router_controller:handle_call/3 line 82
2013-12-06 15:40:34.878 [error] <0.349.0> CRASH REPORT Process <0.349.0> with 0 neighbours exited with reason: bad argument in call to erlang:list_to_atom(undefined) in boss_router_controller:handle_call/3 line 82 in gen_server:terminate/6 line 744
2013-12-06 15:40:34.957 [error] <0.348.0> Supervisor boss_router_sup had child router_controller started with boss_router_controller:start_link([{application,myfirstserver},{controllers,["myfirstserver_greeting_controller"]}]) at <0.349.0> exit with reason bad argument in call to erlang:list_to_atom(undefined) in boss_router_controller:handle_call/3 line 82 in context child_terminated
2013-12-06 15:40:35.047 [error] emulator Error in process <0.361.0> on node 'myfirstserver@bernhard-Satellite-L40' with exit value: {{case_clause,closed},[{cowboy_protocol,execute,4,[{file,"src/cowboy_protocol.erl"},{line,514}]}]}


2013-12-06 15:40:35.148 [error] <0.145.0> Supervisor ranch_conns_sup had child ranch_conns_sup started with {ranch_conns_sup,start_protocol,undefined} at <0.361.0> exit with reason no case clause matching closed in cowboy_protocol:execute/4 line 514 in context child_terminated
2013-12-06 15:40:35.220 [info] <0.364.0> Loading routes from "/home/bernhard/Erlang/Server/ChicagoBoss/myfirstserver/priv/myfirstserver.routes" ....
2013-12-06 15:40:37.891 [info] <0.364.0> Loading routes from "/home/bernhard/Erlang/Server/ChicagoBoss/myfirstserver/priv/myfirstserver.routes" ....
2013-12-06 15:40:37.892 [error] <0.364.0> gen_server <0.364.0> terminated with reason: bad argument in call to erlang:list_to_atom(undefined) in boss_router_controller:handle_call/3 line 82
2013-12-06 15:40:37.985 [error] <0.364.0> CRASH REPORT Process <0.364.0> with 0 neighbours exited with reason: bad argument in call to erlang:list_to_atom(undefined) in boss_router_controller:handle_call/3 line 82 in gen_server:terminate/6 line 744
2013-12-06 15:40:38.075 [error] <0.348.0> Supervisor boss_router_sup had child router_controller started with boss_router_controller:start_link([{application,myfirstserver},{controllers,["myfirstserver_greeting_controller"]}]) at <0.364.0> exit with reason bad argument in call to erlang:list_to_atom(undefined) in boss_router_controller:handle_call/3 line 82 in context child_terminated
2013-12-06 15:40:38.165 [error] emulator Error in process <0.366.0> on node 'myfirstserver@bernhard-Satellite-L40' with exit value: {{case_clause,closed},[{cowboy_protocol,execute,4,[{file,"src/cowboy_protocol.erl"},{line,514}]}]}


2013-12-06 15:40:38.255 [error] <0.145.0> Supervisor ranch_conns_sup had child ranch_conns_sup started with {ranch_conns_sup,start_protocol,undefined} at <0.366.0> exit with reason no case clause matching closed in cowboy_protocol:execute/4 line 514 in context child_terminated
2013-12-06 15:40:38.344 [info] <0.369.0> Loading routes from "/home/bernhard/Erlang/Server/ChicagoBoss/myfirstserver/priv/myfirstserver.routes" ....
2013-12-06 15:41:04.197 [error] <0.97.0> Supervisor poolboy_sup had child boss_session_controller started with boss_session_controller:start_link([{name,{local,boss_session_pool}},{worker_module,boss_session_controller},{size,20},{max_overflow,...},...]) at undefined exit with reason shutdown in context shutdown_error
2013-12-06 15:42:02.943 [info] <0.7.0> Application lager started on node 'myfirstserver@bernhard-Satellite-L40'
2013-12-06 15:42:03.054 [info] <0.7.0> Application crypto started on node 'myfirstserver@bernhard-Satellite-L40'
2013-12-06 15:42:03.095 [info] <0.7.0> Application mimetypes started on node 'myfirstserver@bernhard-Satellite-L40'
2013-12-06 15:42:03.209 [info] <0.82.0> Starting Boss in development mode....

2013-12-06 15:42:03.372 [info] <0.82.0> Starting master services on 'myfirstserver@bernhard-Satellite-L40'

2013-12-06 15:42:03.416 [info] <0.7.0> Application tinymq started on node 'myfirstserver@bernhard-Satellite-L40'
2013-12-06 15:42:03.495 [info] <0.82.0> SSL:[]

2013-12-06 15:42:03.502 [info] <0.82.0> Starting cowboy... on 'myfirstserver@bernhard-Satellite-L40'

2013-12-06 15:42:03.520 [info] <0.7.0> Application ranch started on node 'myfirstserver@bernhard-Satellite-L40'
2013-12-06 15:42:03.551 [info] <0.7.0> Application cowboy started on node 'myfirstserver@bernhard-Satellite-L40'
2013-12-06 15:42:03.557 [info] <0.82.0> Starting http listener... on 8001 

2013-12-06 15:42:03.637 [info] <0.7.0> Application boss started on node 'myfirstserver@bernhard-Satellite-L40'
2013-12-06 15:42:03.712 [info] <0.349.0> Loading routes from "/home/bernhard/Erlang/Server/ChicagoBoss/myfirstserver/priv/myfirstserver.routes" ....
2013-12-06 15:42:25.628 [info] <0.349.0> Loading routes from "/home/bernhard/Erlang/Server/ChicagoBoss/myfirstserver/priv/myfirstserver.routes" ....
2013-12-06 15:42:25.839 [info] <0.361.0> GET /greeting/hello [myfirstserver] 200 211ms
2013-12-06 15:42:35.192 [info] <0.349.0> Loading routes from "/home/bernhard/Erlang/Server/ChicagoBoss/myfirstserver/priv/myfirstserver.routes" ....
2013-12-06 15:42:35.309 [info] <0.371.0> GET /greeting/hello [myfirstserver] 200 112ms
2013-12-06 15:42:41.110 [info] <0.349.0> Loading routes from "/home/bernhard/Erlang/Server/ChicagoBoss/myfirstserver/priv/myfirstserver.routes" ....
2013-12-06 15:42:41.286 [error] <0.381.0> GET /greeting/ [myfirstserver] 404 176ms
2013-12-06 15:44:09.009 [info] <0.349.0> Loading routes from "/home/bernhard/Erlang/Server/ChicagoBoss/myfirstserver/priv/myfirstserver.routes" ....
2013-12-06 15:44:09.174 [info] <0.395.0> GET /greeting/ [myfirstserver] 200 159ms
2013-12-06 15:45:50.627 [info] <0.349.0> Loading routes from "/home/bernhard/Erlang/Server/ChicagoBoss/myfirstserver/priv/myfirstserver.routes" ....
2013-12-06 15:45:50.743 [info] <0.403.0> GET /greeting/1 [myfirstserver] 200 116ms
2013-12-06 15:46:10.949 [info] <0.349.0> Loading routes from "/home/bernhard/Erlang/Server/ChicagoBoss/myfirstserver/priv/myfirstserver.routes" ....
2013-12-06 15:46:11.097 [error] <0.410.0> GET /greeting/1 [myfirstserver] 404 148ms
2013-12-06 15:46:50.452 [info] <0.349.0> Loading routes from "/home/bernhard/Erlang/Server/ChicagoBoss/myfirstserver/priv/myfirstserver.routes" ....
2013-12-06 15:46:50.544 [info] <0.424.0> GET /greeting/ [myfirstserver] 200 92ms
2013-12-06 15:56:44.236 [error] <0.97.0> Supervisor poolboy_sup had child boss_session_controller started with boss_session_controller:start_link([{name,{local,boss_session_pool}},{worker_module,boss_session_controller},{size,20},{max_overflow,...},...]) at undefined exit with reason shutdown in context shutdown_error
