2013-12-06 14:24:46 =ERROR REPORT====
GET / [myfirstserver] 404 24ms2013-12-06 14:29:43 =ERROR REPORT====
GET / [myfirstserver] 404 1ms2013-12-06 14:29:45 =ERROR REPORT====
GET / [myfirstserver] 404 1ms2013-12-06 14:39:55 =ERROR REPORT====
GET / [myfirstserver] 404 4ms2013-12-06 14:53:59 =ERROR REPORT====
Missing or invalid boss.routes file in "/home/bernhard/Erlang/Server/ChicagoBoss/myfirstserver/priv/myfirstserver.routes"
{error,{4,erl_parse,["syntax error before: ","'.'"]}}
2013-12-06 14:53:59 =ERROR REPORT====
GET / [myfirstserver] 404 59ms2013-12-06 14:54:22 =ERROR REPORT====
Missing or invalid boss.routes file in "/home/bernhard/Erlang/Server/ChicagoBoss/myfirstserver/priv/myfirstserver.routes"
{error,{4,erl_parse,["syntax error before: ","'.'"]}}
2013-12-06 14:54:28 =ERROR REPORT====
Missing or invalid boss.routes file in "/home/bernhard/Erlang/Server/ChicagoBoss/myfirstserver/priv/myfirstserver.routes"
{error,{4,erl_parse,["syntax error before: ","'.'"]}}
2013-12-06 14:54:28 =ERROR REPORT====
GET / [myfirstserver] 404 57ms2013-12-06 14:54:30 =ERROR REPORT====
Missing or invalid boss.routes file in "/home/bernhard/Erlang/Server/ChicagoBoss/myfirstserver/priv/myfirstserver.routes"
{error,{4,erl_parse,["syntax error before: ","'.'"]}}
2013-12-06 14:54:30 =ERROR REPORT====
GET / [myfirstserver] 404 75ms2013-12-06 14:54:32 =ERROR REPORT====
Missing or invalid boss.routes file in "/home/bernhard/Erlang/Server/ChicagoBoss/myfirstserver/priv/myfirstserver.routes"
{error,{4,erl_parse,["syntax error before: ","'.'"]}}
2013-12-06 14:54:32 =ERROR REPORT====
GET / [myfirstserver] 404 81ms2013-12-06 14:58:22 =SUPERVISOR REPORT====
     Supervisor: {<0.97.0>,poolboy_sup}
     Context:    shutdown_error
     Reason:     shutdown
     Offender:   [{nb_children,1},{name,boss_session_controller},{mfargs,{boss_session_controller,start_link,[[{name,{local,boss_session_pool}},{worker_module,boss_session_controller},{size,20},{max_overflow,40},{adapter,boss_session_adapter_mock},{session_exp_time,525600},{session_key,"_boss_session"}]]}},{restart_type,temporary},{shutdown,5000},{child_type,worker}]

2013-12-06 15:22:04 =ERROR REPORT====
GET /greeting/hello [myfirstserver] 404 217ms2013-12-06 15:23:25 =ERROR REPORT====
GET /greeting/hello [myfirstserver] 404 172ms2013-12-06 15:35:11 =ERROR REPORT====
Missing or invalid boss.routes file in "/home/bernhard/Erlang/Server/ChicagoBoss/myfirstserver/priv/myfirstserver.routes"
{error,{5,erl_parse,["syntax error before: ","'.'"]}}
2013-12-06 15:35:11 =ERROR REPORT====
GET / [myfirstserver] 404 55ms2013-12-06 15:35:30 =ERROR REPORT====
Missing or invalid boss.routes file in "/home/bernhard/Erlang/Server/ChicagoBoss/myfirstserver/priv/myfirstserver.routes"
{error,{5,erl_parse,["syntax error before: ","'.'"]}}
2013-12-06 15:35:30 =ERROR REPORT====
GET / [myfirstserver] 404 81ms2013-12-06 15:38:29 =ERROR REPORT====
Missing or invalid boss.routes file in "/home/bernhard/Erlang/Server/ChicagoBoss/myfirstserver/priv/myfirstserver.routes"
{error,{5,erl_parse,["syntax error before: ","'.'"]}}
2013-12-06 15:38:29 =ERROR REPORT====
GET /test [myfirstserver] 404 148ms2013-12-06 15:38:53 =SUPERVISOR REPORT====
     Supervisor: {<0.97.0>,poolboy_sup}
     Context:    shutdown_error
     Reason:     shutdown
     Offender:   [{nb_children,1},{name,boss_session_controller},{mfargs,{boss_session_controller,start_link,[[{name,{local,boss_session_pool}},{worker_module,boss_session_controller},{size,20},{max_overflow,40},{adapter,boss_session_adapter_mock},{session_exp_time,525600},{session_key,"_boss_session"}]]}},{restart_type,temporary},{shutdown,5000},{child_type,worker}]

2013-12-06 15:39:09 =ERROR REPORT====
Missing or invalid boss.routes file in "/home/bernhard/Erlang/Server/ChicagoBoss/myfirstserver/priv/myfirstserver.routes"
{error,{5,erl_parse,["syntax error before: ","'.'"]}}
2013-12-06 15:39:11 =ERROR REPORT====
Missing or invalid boss.routes file in "/home/bernhard/Erlang/Server/ChicagoBoss/myfirstserver/priv/myfirstserver.routes"
{error,{5,erl_parse,["syntax error before: ","'.'"]}}
2013-12-06 15:39:11 =ERROR REPORT====
GET /test [myfirstserver] 404 136ms2013-12-06 15:39:14 =ERROR REPORT====
Missing or invalid boss.routes file in "/home/bernhard/Erlang/Server/ChicagoBoss/myfirstserver/priv/myfirstserver.routes"
{error,{5,erl_parse,["syntax error before: ","'.'"]}}
2013-12-06 15:39:14 =ERROR REPORT====
GET /test [myfirstserver] 404 45ms2013-12-06 15:39:32 =ERROR REPORT====
Missing or invalid boss.routes file in "/home/bernhard/Erlang/Server/ChicagoBoss/myfirstserver/priv/myfirstserver.routes"
{error,{5,erl_parse,["syntax error before: ","'.'"]}}
2013-12-06 15:39:32 =ERROR REPORT====
GET /test [myfirstserver] 404 39ms2013-12-06 15:39:33 =ERROR REPORT====
Missing or invalid boss.routes file in "/home/bernhard/Erlang/Server/ChicagoBoss/myfirstserver/priv/myfirstserver.routes"
{error,{5,erl_parse,["syntax error before: ","'.'"]}}
2013-12-06 15:39:33 =ERROR REPORT====
GET /test [myfirstserver] 404 43ms2013-12-06 15:39:38 =SUPERVISOR REPORT====
     Supervisor: {<0.97.0>,poolboy_sup}
     Context:    shutdown_error
     Reason:     shutdown
     Offender:   [{nb_children,1},{name,boss_session_controller},{mfargs,{boss_session_controller,start_link,[[{name,{local,boss_session_pool}},{worker_module,boss_session_controller},{size,20},{max_overflow,40},{adapter,boss_session_adapter_mock},{session_exp_time,525600},{session_key,"_boss_session"}]]}},{restart_type,temporary},{shutdown,5000},{child_type,worker}]

2013-12-06 15:39:50 =ERROR REPORT====
Missing or invalid boss.routes file in "/home/bernhard/Erlang/Server/ChicagoBoss/myfirstserver/priv/myfirstserver.routes"
{error,{5,erl_parse,["syntax error before: ","'.'"]}}
2013-12-06 15:40:13 =SUPERVISOR REPORT====
     Supervisor: {<0.97.0>,poolboy_sup}
     Context:    shutdown_error
     Reason:     shutdown
     Offender:   [{nb_children,1},{name,boss_session_controller},{mfargs,{boss_session_controller,start_link,[[{name,{local,boss_session_pool}},{worker_module,boss_session_controller},{size,20},{max_overflow,40},{adapter,boss_session_adapter_mock},{session_exp_time,525600},{session_key,"_boss_session"}]]}},{restart_type,temporary},{shutdown,5000},{child_type,worker}]

2013-12-06 15:40:34 =ERROR REPORT====
** Generic server <0.349.0> terminating 
** Last message in was {route,"/test"}
** When Server state == {state,myfirstserver,["myfirstserver_greeting_controller"],36891,40988,45085}
** Reason for termination == 
** {badarg,[{erlang,list_to_atom,[undefined],[]},{boss_router_controller,handle_call,3,[{file,"src/boss/boss_router_controller.erl"},{line,82}]},{gen_server,handle_msg,5,[{file,"gen_server.erl"},{line,585}]},{proc_lib,init_p_do_apply,3,[{file,"proc_lib.erl"},{line,239}]}]}
2013-12-06 15:40:34 =CRASH REPORT====
  crasher:
    initial call: boss_router_controller:init/1
    pid: <0.349.0>
    registered_name: []
    exception exit: {{badarg,[{erlang,list_to_atom,[undefined],[]},{boss_router_controller,handle_call,3,[{file,"src/boss/boss_router_controller.erl"},{line,82}]},{gen_server,handle_msg,5,[{file,"gen_server.erl"},{line,585}]},{proc_lib,init_p_do_apply,3,[{file,"proc_lib.erl"},{line,239}]}]},[{gen_server,terminate,6,[{file,"gen_server.erl"},{line,744}]},{proc_lib,init_p_do_apply,3,[{file,"proc_lib.erl"},{line,239}]}]}
    ancestors: [<0.348.0>,boss_web,boss_sup,<0.80.0>]
    messages: []
    links: [<0.348.0>]
    dictionary: [{boss_environment,development}]
    trap_exit: false
    status: running
    heap_size: 2586
    stack_size: 27
    reductions: 2909
  neighbours:
2013-12-06 15:40:34 =SUPERVISOR REPORT====
     Supervisor: {<0.348.0>,boss_router_sup}
     Context:    child_terminated
     Reason:     {badarg,[{erlang,list_to_atom,[undefined],[]},{boss_router_controller,handle_call,3,[{file,"src/boss/boss_router_controller.erl"},{line,82}]},{gen_server,handle_msg,5,[{file,"gen_server.erl"},{line,585}]},{proc_lib,init_p_do_apply,3,[{file,"proc_lib.erl"},{line,239}]}]}
     Offender:   [{pid,<0.349.0>},{name,router_controller},{mfargs,{boss_router_controller,start_link,[[{application,myfirstserver},{controllers,["myfirstserver_greeting_controller"]}]]}},{restart_type,permanent},{shutdown,2000},{child_type,worker}]

2013-12-06 15:40:35 =ERROR REPORT====
Error in process <0.361.0> on node 'myfirstserver@bernhard-Satellite-L40' with exit value: {{case_clause,closed},[{cowboy_protocol,execute,4,[{file,"src/cowboy_protocol.erl"},{line,514}]}]}

2013-12-06 15:40:35 =SUPERVISOR REPORT====
     Supervisor: {<0.145.0>,ranch_conns_sup}
     Context:    child_terminated
     Reason:     {{case_clause,closed},[{cowboy_protocol,execute,4,[{file,"src/cowboy_protocol.erl"},{line,514}]}]}
     Offender:   [{pid,<0.361.0>},{name,ranch_conns_sup},{mfargs,{ranch_conns_sup,start_protocol,undefined}},{restart_type,temporary},{shutdown,brutal_kill},{child_type,worker}]

2013-12-06 15:40:37 =ERROR REPORT====
** Generic server <0.364.0> terminating 
** Last message in was {route,"/test"}
** When Server state == {state,myfirstserver,["myfirstserver_greeting_controller"],49181,53276,57371}
** Reason for termination == 
** {badarg,[{erlang,list_to_atom,[undefined],[]},{boss_router_controller,handle_call,3,[{file,"src/boss/boss_router_controller.erl"},{line,82}]},{gen_server,handle_msg,5,[{file,"gen_server.erl"},{line,585}]},{proc_lib,init_p_do_apply,3,[{file,"proc_lib.erl"},{line,239}]}]}
2013-12-06 15:40:37 =CRASH REPORT====
  crasher:
    initial call: boss_router_controller:init/1
    pid: <0.364.0>
    registered_name: []
    exception exit: {{badarg,[{erlang,list_to_atom,[undefined],[]},{boss_router_controller,handle_call,3,[{file,"src/boss/boss_router_controller.erl"},{line,82}]},{gen_server,handle_msg,5,[{file,"gen_server.erl"},{line,585}]},{proc_lib,init_p_do_apply,3,[{file,"proc_lib.erl"},{line,239}]}]},[{gen_server,terminate,6,[{file,"gen_server.erl"},{line,744}]},{proc_lib,init_p_do_apply,3,[{file,"proc_lib.erl"},{line,239}]}]}
    ancestors: [<0.348.0>,boss_web,boss_sup,<0.80.0>]
    messages: []
    links: [<0.348.0>]
    dictionary: [{boss_environment,development}]
    trap_exit: false
    status: running
    heap_size: 2586
    stack_size: 27
    reductions: 2901
  neighbours:
2013-12-06 15:40:38 =SUPERVISOR REPORT====
     Supervisor: {<0.348.0>,boss_router_sup}
     Context:    child_terminated
     Reason:     {badarg,[{erlang,list_to_atom,[undefined],[]},{boss_router_controller,handle_call,3,[{file,"src/boss/boss_router_controller.erl"},{line,82}]},{gen_server,handle_msg,5,[{file,"gen_server.erl"},{line,585}]},{proc_lib,init_p_do_apply,3,[{file,"proc_lib.erl"},{line,239}]}]}
     Offender:   [{pid,<0.364.0>},{name,router_controller},{mfargs,{boss_router_controller,start_link,[[{application,myfirstserver},{controllers,["myfirstserver_greeting_controller"]}]]}},{restart_type,permanent},{shutdown,2000},{child_type,worker}]

2013-12-06 15:40:38 =ERROR REPORT====
Error in process <0.366.0> on node 'myfirstserver@bernhard-Satellite-L40' with exit value: {{case_clause,closed},[{cowboy_protocol,execute,4,[{file,"src/cowboy_protocol.erl"},{line,514}]}]}

2013-12-06 15:40:38 =SUPERVISOR REPORT====
     Supervisor: {<0.145.0>,ranch_conns_sup}
     Context:    child_terminated
     Reason:     {{case_clause,closed},[{cowboy_protocol,execute,4,[{file,"src/cowboy_protocol.erl"},{line,514}]}]}
     Offender:   [{pid,<0.366.0>},{name,ranch_conns_sup},{mfargs,{ranch_conns_sup,start_protocol,undefined}},{restart_type,temporary},{shutdown,brutal_kill},{child_type,worker}]

2013-12-06 15:41:04 =SUPERVISOR REPORT====
     Supervisor: {<0.97.0>,poolboy_sup}
     Context:    shutdown_error
     Reason:     shutdown
     Offender:   [{nb_children,1},{name,boss_session_controller},{mfargs,{boss_session_controller,start_link,[[{name,{local,boss_session_pool}},{worker_module,boss_session_controller},{size,20},{max_overflow,40},{adapter,boss_session_adapter_mock},{session_exp_time,525600},{session_key,"_boss_session"}]]}},{restart_type,temporary},{shutdown,5000},{child_type,worker}]

2013-12-06 15:42:41 =ERROR REPORT====
GET /greeting/ [myfirstserver] 404 176ms2013-12-06 15:46:11 =ERROR REPORT====
GET /greeting/1 [myfirstserver] 404 148ms2013-12-06 15:56:44 =SUPERVISOR REPORT====
     Supervisor: {<0.97.0>,poolboy_sup}
     Context:    shutdown_error
     Reason:     shutdown
     Offender:   [{nb_children,1},{name,boss_session_controller},{mfargs,{boss_session_controller,start_link,[[{name,{local,boss_session_pool}},{worker_module,boss_session_controller},{size,20},{max_overflow,40},{adapter,boss_session_adapter_mock},{session_exp_time,525600},{session_key,"_boss_session"}]]}},{restart_type,temporary},{shutdown,5000},{child_type,worker}]

