2013-12-06 14:24:46.318 [error] <0.359.0> GET / [myfirstserver] 404 24ms
2013-12-06 14:29:43.139 [error] <0.362.0> GET / [myfirstserver] 404 1ms
2013-12-06 14:29:45.148 [error] <0.362.0> GET / [myfirstserver] 404 1ms
2013-12-06 14:39:55.759 [error] <0.360.0> GET / [myfirstserver] 404 4ms
2013-12-06 14:53:59.158 [error] <0.349.0> Missing or invalid boss.routes file in "/home/bernhard/Erlang/Server/ChicagoBoss/myfirstserver/priv/myfirstserver.routes"
{error,{4,erl_parse,["syntax error before: ","'.'"]}}

2013-12-06 14:53:59.283 [error] <0.363.0> GET / [myfirstserver] 404 59ms
2013-12-06 14:54:22.645 [error] <0.349.0> Missing or invalid boss.routes file in "/home/bernhard/Erlang/Server/ChicagoBoss/myfirstserver/priv/myfirstserver.routes"
{error,{4,erl_parse,["syntax error before: ","'.'"]}}

2013-12-06 14:54:28.428 [error] <0.349.0> Missing or invalid boss.routes file in "/home/bernhard/Erlang/Server/ChicagoBoss/myfirstserver/priv/myfirstserver.routes"
{error,{4,erl_parse,["syntax error before: ","'.'"]}}

2013-12-06 14:54:28.535 [error] <0.360.0> GET / [myfirstserver] 404 57ms
2013-12-06 14:54:30.107 [error] <0.349.0> Missing or invalid boss.routes file in "/home/bernhard/Erlang/Server/ChicagoBoss/myfirstserver/priv/myfirstserver.routes"
{error,{4,erl_parse,["syntax error before: ","'.'"]}}

2013-12-06 14:54:30.239 [error] <0.360.0> GET / [myfirstserver] 404 75ms
2013-12-06 14:54:32.291 [error] <0.349.0> Missing or invalid boss.routes file in "/home/bernhard/Erlang/Server/ChicagoBoss/myfirstserver/priv/myfirstserver.routes"
{error,{4,erl_parse,["syntax error before: ","'.'"]}}

2013-12-06 14:54:32.428 [error] <0.360.0> GET / [myfirstserver] 404 81ms
2013-12-06 14:58:22.392 [error] <0.97.0> Supervisor poolboy_sup had child boss_session_controller started with boss_session_controller:start_link([{name,{local,boss_session_pool}},{worker_module,boss_session_controller},{size,20},{max_overflow,...},...]) at undefined exit with reason shutdown in context shutdown_error
2013-12-06 15:22:04.174 [error] <0.376.0> GET /greeting/hello [myfirstserver] 404 217ms
2013-12-06 15:23:25.824 [error] <0.401.0> GET /greeting/hello [myfirstserver] 404 172ms
2013-12-06 15:35:11.715 [error] <0.349.0> Missing or invalid boss.routes file in "/home/bernhard/Erlang/Server/ChicagoBoss/myfirstserver/priv/myfirstserver.routes"
{error,{5,erl_parse,["syntax error before: ","'.'"]}}

2013-12-06 15:35:11.825 [error] <0.449.0> GET / [myfirstserver] 404 55ms
2013-12-06 15:35:30.173 [error] <0.349.0> Missing or invalid boss.routes file in "/home/bernhard/Erlang/Server/ChicagoBoss/myfirstserver/priv/myfirstserver.routes"
{error,{5,erl_parse,["syntax error before: ","'.'"]}}

2013-12-06 15:35:30.323 [error] <0.452.0> GET / [myfirstserver] 404 81ms
2013-12-06 15:38:29.684 [error] <0.349.0> Missing or invalid boss.routes file in "/home/bernhard/Erlang/Server/ChicagoBoss/myfirstserver/priv/myfirstserver.routes"
{error,{5,erl_parse,["syntax error before: ","'.'"]}}

2013-12-06 15:38:29.831 [error] <0.455.0> GET /test [myfirstserver] 404 148ms
2013-12-06 15:38:53.763 [error] <0.97.0> Supervisor poolboy_sup had child boss_session_controller started with boss_session_controller:start_link([{name,{local,boss_session_pool}},{worker_module,boss_session_controller},{size,20},{max_overflow,...},...]) at undefined exit with reason shutdown in context shutdown_error
2013-12-06 15:39:09.070 [error] <0.349.0> Missing or invalid boss.routes file in "/home/bernhard/Erlang/Server/ChicagoBoss/myfirstserver/priv/myfirstserver.routes"
{error,{5,erl_parse,["syntax error before: ","'.'"]}}

2013-12-06 15:39:11.474 [error] <0.349.0> Missing or invalid boss.routes file in "/home/bernhard/Erlang/Server/ChicagoBoss/myfirstserver/priv/myfirstserver.routes"
{error,{5,erl_parse,["syntax error before: ","'.'"]}}

2013-12-06 15:39:11.609 [error] <0.361.0> GET /test [myfirstserver] 404 136ms
2013-12-06 15:39:14.424 [error] <0.349.0> Missing or invalid boss.routes file in "/home/bernhard/Erlang/Server/ChicagoBoss/myfirstserver/priv/myfirstserver.routes"
{error,{5,erl_parse,["syntax error before: ","'.'"]}}

2013-12-06 15:39:14.524 [error] <0.361.0> GET /test [myfirstserver] 404 45ms
2013-12-06 15:39:32.239 [error] <0.349.0> Missing or invalid boss.routes file in "/home/bernhard/Erlang/Server/ChicagoBoss/myfirstserver/priv/myfirstserver.routes"
{error,{5,erl_parse,["syntax error before: ","'.'"]}}

2013-12-06 15:39:32.322 [error] <0.365.0> GET /test [myfirstserver] 404 39ms
2013-12-06 15:39:33.782 [error] <0.349.0> Missing or invalid boss.routes file in "/home/bernhard/Erlang/Server/ChicagoBoss/myfirstserver/priv/myfirstserver.routes"
{error,{5,erl_parse,["syntax error before: ","'.'"]}}

2013-12-06 15:39:33.869 [error] <0.365.0> GET /test [myfirstserver] 404 43ms
2013-12-06 15:39:38.373 [error] <0.97.0> Supervisor poolboy_sup had child boss_session_controller started with boss_session_controller:start_link([{name,{local,boss_session_pool}},{worker_module,boss_session_controller},{size,20},{max_overflow,...},...]) at undefined exit with reason shutdown in context shutdown_error
2013-12-06 15:39:50.247 [error] <0.349.0> Missing or invalid boss.routes file in "/home/bernhard/Erlang/Server/ChicagoBoss/myfirstserver/priv/myfirstserver.routes"
{error,{5,erl_parse,["syntax error before: ","'.'"]}}

2013-12-06 15:40:13.011 [error] <0.97.0> Supervisor poolboy_sup had child boss_session_controller started with boss_session_controller:start_link([{name,{local,boss_session_pool}},{worker_module,boss_session_controller},{size,20},{max_overflow,...},...]) at undefined exit with reason shutdown in context shutdown_error
2013-12-06 15:40:34.735 [error] <0.349.0> gen_server <0.349.0> terminated with reason: bad argument in call to erlang:list_to_atom(undefined) in boss_router_controller:handle_call/3 line 82
2013-12-06 15:40:34.878 [error] <0.349.0> CRASH REPORT Process <0.349.0> with 0 neighbours exited with reason: bad argument in call to erlang:list_to_atom(undefined) in boss_router_controller:handle_call/3 line 82 in gen_server:terminate/6 line 744
2013-12-06 15:40:34.957 [error] <0.348.0> Supervisor boss_router_sup had child router_controller started with boss_router_controller:start_link([{application,myfirstserver},{controllers,["myfirstserver_greeting_controller"]}]) at <0.349.0> exit with reason bad argument in call to erlang:list_to_atom(undefined) in boss_router_controller:handle_call/3 line 82 in context child_terminated
2013-12-06 15:40:35.047 [error] emulator Error in process <0.361.0> on node 'myfirstserver@bernhard-Satellite-L40' with exit value: {{case_clause,closed},[{cowboy_protocol,execute,4,[{file,"src/cowboy_protocol.erl"},{line,514}]}]}


2013-12-06 15:40:35.148 [error] <0.145.0> Supervisor ranch_conns_sup had child ranch_conns_sup started with {ranch_conns_sup,start_protocol,undefined} at <0.361.0> exit with reason no case clause matching closed in cowboy_protocol:execute/4 line 514 in context child_terminated
2013-12-06 15:40:37.892 [error] <0.364.0> gen_server <0.364.0> terminated with reason: bad argument in call to erlang:list_to_atom(undefined) in boss_router_controller:handle_call/3 line 82
2013-12-06 15:40:37.985 [error] <0.364.0> CRASH REPORT Process <0.364.0> with 0 neighbours exited with reason: bad argument in call to erlang:list_to_atom(undefined) in boss_router_controller:handle_call/3 line 82 in gen_server:terminate/6 line 744
2013-12-06 15:40:38.075 [error] <0.348.0> Supervisor boss_router_sup had child router_controller started with boss_router_controller:start_link([{application,myfirstserver},{controllers,["myfirstserver_greeting_controller"]}]) at <0.364.0> exit with reason bad argument in call to erlang:list_to_atom(undefined) in boss_router_controller:handle_call/3 line 82 in context child_terminated
2013-12-06 15:40:38.165 [error] emulator Error in process <0.366.0> on node 'myfirstserver@bernhard-Satellite-L40' with exit value: {{case_clause,closed},[{cowboy_protocol,execute,4,[{file,"src/cowboy_protocol.erl"},{line,514}]}]}


2013-12-06 15:40:38.255 [error] <0.145.0> Supervisor ranch_conns_sup had child ranch_conns_sup started with {ranch_conns_sup,start_protocol,undefined} at <0.366.0> exit with reason no case clause matching closed in cowboy_protocol:execute/4 line 514 in context child_terminated
2013-12-06 15:41:04.197 [error] <0.97.0> Supervisor poolboy_sup had child boss_session_controller started with boss_session_controller:start_link([{name,{local,boss_session_pool}},{worker_module,boss_session_controller},{size,20},{max_overflow,...},...]) at undefined exit with reason shutdown in context shutdown_error
2013-12-06 15:42:41.286 [error] <0.381.0> GET /greeting/ [myfirstserver] 404 176ms
2013-12-06 15:46:11.097 [error] <0.410.0> GET /greeting/1 [myfirstserver] 404 148ms
2013-12-06 15:56:44.236 [error] <0.97.0> Supervisor poolboy_sup had child boss_session_controller started with boss_session_controller:start_link([{name,{local,boss_session_pool}},{worker_module,boss_session_controller},{size,20},{max_overflow,...},...]) at undefined exit with reason shutdown in context shutdown_error
