2013-12-09 11:55:57.536 [info] <0.7.0> Application lager started on node erlangServer@ratws238mbp
2013-12-09 11:55:57.588 [info] <0.7.0> Application crypto started on node erlangServer@ratws238mbp
2013-12-09 11:55:57.612 [info] <0.7.0> Application mimetypes started on node erlangServer@ratws238mbp
2013-12-09 11:55:57.669 [info] <0.81.0> Starting Boss in development mode....

2013-12-09 11:55:57.762 [info] <0.81.0> Starting master services on erlangServer@ratws238mbp

2013-12-09 11:55:57.790 [info] <0.7.0> Application tinymq started on node erlangServer@ratws238mbp
2013-12-09 11:55:58.936 [info] <0.81.0> SSL:[]

2013-12-09 11:55:58.946 [info] <0.81.0> Starting cowboy... on erlangServer@ratws238mbp

2013-12-09 11:55:58.958 [info] <0.7.0> Application ranch started on node erlangServer@ratws238mbp
2013-12-09 11:55:58.979 [info] <0.7.0> Application cowboy started on node erlangServer@ratws238mbp
2013-12-09 11:55:58.979 [info] <0.81.0> Starting http listener... on 8001 

2013-12-09 11:55:59.027 [info] <0.7.0> Application boss started on node erlangServer@ratws238mbp
2013-12-09 11:55:59.064 [info] <0.348.0> Loading routes from "/Users/bstoecker/Erlang/Server/erlangTestApp/erlangServer/priv/erlangServer.routes" ....
2013-12-09 11:56:02.779 [error] <0.96.0> Supervisor poolboy_sup had child boss_session_controller started with boss_session_controller:start_link([{name,{local,boss_session_pool}},{worker_module,boss_session_controller},{size,20},{max_overflow,...},...]) at undefined exit with reason shutdown in context shutdown_error
2013-12-09 12:04:32.297 [info] <0.7.0> Application lager started on node erlangServer@ratws238mbp
2013-12-09 12:04:32.351 [info] <0.7.0> Application crypto started on node erlangServer@ratws238mbp
2013-12-09 12:04:32.367 [info] <0.7.0> Application mimetypes started on node erlangServer@ratws238mbp
2013-12-09 12:04:32.418 [info] <0.81.0> Starting Boss in development mode....

2013-12-09 12:04:32.491 [info] <0.81.0> Starting master services on erlangServer@ratws238mbp

2013-12-09 12:04:32.511 [info] <0.7.0> Application tinymq started on node erlangServer@ratws238mbp
2013-12-09 12:04:33.638 [info] <0.81.0> SSL:[]

2013-12-09 12:04:33.645 [info] <0.81.0> Starting cowboy... on erlangServer@ratws238mbp

2013-12-09 12:04:33.654 [info] <0.7.0> Application ranch started on node erlangServer@ratws238mbp
2013-12-09 12:04:33.668 [info] <0.7.0> Application cowboy started on node erlangServer@ratws238mbp
2013-12-09 12:04:33.668 [info] <0.81.0> Starting http listener... on 8001 

2013-12-09 12:04:33.707 [info] <0.7.0> Application boss started on node erlangServer@ratws238mbp
2013-12-09 12:04:33.731 [info] <0.348.0> Loading routes from "/Users/bstoecker/Erlang/Server/erlangTestApp/erlangServer/priv/erlangServer.routes" ....
2013-12-09 12:04:35.897 [error] <0.96.0> Supervisor poolboy_sup had child boss_session_controller started with boss_session_controller:start_link([{name,{local,boss_session_pool}},{worker_module,boss_session_controller},{size,20},{max_overflow,...},...]) at undefined exit with reason shutdown in context shutdown_error
2013-12-09 12:50:31.600 [info] <0.7.0> Application lager started on node erlangServer@ratws238mbp
2013-12-09 12:50:31.658 [info] <0.7.0> Application crypto started on node erlangServer@ratws238mbp
2013-12-09 12:50:31.675 [info] <0.7.0> Application mimetypes started on node erlangServer@ratws238mbp
2013-12-09 12:50:31.729 [info] <0.81.0> Starting Boss in development mode....

2013-12-09 12:50:31.801 [info] <0.81.0> Starting master services on erlangServer@ratws238mbp

2013-12-09 12:50:31.818 [info] <0.7.0> Application tinymq started on node erlangServer@ratws238mbp
2013-12-09 12:50:32.950 [info] <0.81.0> SSL:[]

2013-12-09 12:50:32.957 [info] <0.81.0> Starting cowboy... on erlangServer@ratws238mbp

2013-12-09 12:50:32.965 [info] <0.7.0> Application ranch started on node erlangServer@ratws238mbp
2013-12-09 12:50:32.979 [info] <0.7.0> Application cowboy started on node erlangServer@ratws238mbp
2013-12-09 12:50:32.979 [info] <0.81.0> Starting http listener... on 8001 

2013-12-09 12:50:33.017 [info] <0.7.0> Application boss started on node erlangServer@ratws238mbp
2013-12-09 12:50:33.041 [info] <0.348.0> Loading routes from "/Users/bstoecker/Erlang/Server/erlangTestApp/erlangServer/priv/erlangServer.routes" ....
2013-12-09 12:50:36.145 [error] <0.96.0> Supervisor poolboy_sup had child boss_session_controller started with boss_session_controller:start_link([{name,{local,boss_session_pool}},{worker_module,boss_session_controller},{size,20},{max_overflow,...},...]) at undefined exit with reason shutdown in context shutdown_error
